  Scene.cpp
C:\projetos\archero_clone\Project1\RendererPort.h(2,10): warning C4067: tokens inesperados após diretiva de pré-processador - esperado um newline
  (compilando o arquivo fonte 'Scene.cpp')
  
C:\projetos\archero_clone\Project1\Character.h(8,30): error C2504: 'VisualElement': classe base indefinida
  (compilando o arquivo fonte 'Scene.cpp')
  
C:\projetos\archero_clone\Project1\HitBox.h(6,27): error C2504: 'VisualElement': classe base indefinida
  (compilando o arquivo fonte 'Scene.cpp')
  
  Character.cpp
C:\projetos\archero_clone\Project1\RendererPort.h(2,10): warning C4067: tokens inesperados após diretiva de pré-processador - esperado um newline
  (compilando o arquivo fonte 'Character.cpp')
  
C:\projetos\archero_clone\Project1\HitBox.h(6,27): error C2504: 'VisualElement': classe base indefinida
  (compilando o arquivo fonte 'Character.cpp')
  
C:\projetos\archero_clone\Project1\VisualElement.h(14,43): error C4430: faltando especificador de tipo - int assumido. Observação: C++ não suporta default-int
  (compilando o arquivo fonte 'Character.cpp')
  
C:\projetos\archero_clone\Project1\VisualElement.h(14,43): error C2143: erro de sintaxe: ',' ausente antes de '&'
  (compilando o arquivo fonte 'Character.cpp')
  
C:\projetos\archero_clone\Project1\VisualElement.h(15,39): error C4430: faltando especificador de tipo - int assumido. Observação: C++ não suporta default-int
  (compilando o arquivo fonte 'Character.cpp')
  
C:\projetos\archero_clone\Project1\VisualElement.h(15,39): error C2143: erro de sintaxe: ',' ausente antes de '&'
  (compilando o arquivo fonte 'Character.cpp')
  
  Enemy.cpp
C:\projetos\archero_clone\Project1\RendererPort.h(2,10): warning C4067: tokens inesperados após diretiva de pré-processador - esperado um newline
  (compilando o arquivo fonte 'Enemy.cpp')
  
C:\projetos\archero_clone\Project1\HitBox.h(6,27): error C2504: 'VisualElement': classe base indefinida
  (compilando o arquivo fonte 'Enemy.cpp')
  
C:\projetos\archero_clone\Project1\VisualElement.h(14,43): error C4430: faltando especificador de tipo - int assumido. Observação: C++ não suporta default-int
  (compilando o arquivo fonte 'Enemy.cpp')
  
C:\projetos\archero_clone\Project1\VisualElement.h(14,43): error C2143: erro de sintaxe: ',' ausente antes de '&'
  (compilando o arquivo fonte 'Enemy.cpp')
  
C:\projetos\archero_clone\Project1\VisualElement.h(15,39): error C4430: faltando especificador de tipo - int assumido. Observação: C++ não suporta default-int
  (compilando o arquivo fonte 'Enemy.cpp')
  
C:\projetos\archero_clone\Project1\VisualElement.h(15,39): error C2143: erro de sintaxe: ',' ausente antes de '&'
  (compilando o arquivo fonte 'Enemy.cpp')
  
C:\projetos\archero_clone\Project1\Enemy.h(14,14): error C3668: 'Game::Enemy::onCollision': método com especificador de substituição 'override' não substituiu nenhum método de classe base
  (compilando o arquivo fonte 'Enemy.cpp')
  
C:\projetos\archero_clone\Project1\Enemy.cpp(23,19): warning C4244: 'inicializando': conversão de 'int' para 'float', possível perda de dados
C:\projetos\archero_clone\Project1\Enemy.cpp(24,19): warning C4244: 'inicializando': conversão de 'int' para 'float', possível perda de dados
  Origem.cpp
C:\projetos\archero_clone\Project1\RendererPort.h(2,10): warning C4067: tokens inesperados após diretiva de pré-processador - esperado um newline
  (compilando o arquivo fonte 'Origem.cpp')
  
C:\projetos\archero_clone\Project1\HitBox.h(6,27): error C2504: 'VisualElement': classe base indefinida
  (compilando o arquivo fonte 'Origem.cpp')
  
C:\projetos\archero_clone\Project1\VisualElement.h(14,43): error C4430: faltando especificador de tipo - int assumido. Observação: C++ não suporta default-int
  (compilando o arquivo fonte 'Origem.cpp')
  
C:\projetos\archero_clone\Project1\VisualElement.h(14,43): error C2143: erro de sintaxe: ',' ausente antes de '&'
  (compilando o arquivo fonte 'Origem.cpp')
  
C:\projetos\archero_clone\Project1\VisualElement.h(15,39): error C4430: faltando especificador de tipo - int assumido. Observação: C++ não suporta default-int
  (compilando o arquivo fonte 'Origem.cpp')
  
C:\projetos\archero_clone\Project1\VisualElement.h(15,39): error C2143: erro de sintaxe: ',' ausente antes de '&'
  (compilando o arquivo fonte 'Origem.cpp')
  
C:\projetos\archero_clone\Project1\Player.h(18,14): error C3668: 'Game::Player::onCollision': método com especificador de substituição 'override' não substituiu nenhum método de classe base
  (compilando o arquivo fonte 'Origem.cpp')
  
C:\projetos\archero_clone\Project1\Enemy.h(14,14): error C3668: 'Game::Enemy::onCollision': método com especificador de substituição 'override' não substituiu nenhum método de classe base
  (compilando o arquivo fonte 'Origem.cpp')
  
  Player.cpp
C:\projetos\archero_clone\Project1\RendererPort.h(2,10): warning C4067: tokens inesperados após diretiva de pré-processador - esperado um newline
  (compilando o arquivo fonte 'Player.cpp')
  
C:\projetos\archero_clone\Project1\HitBox.h(6,27): error C2504: 'VisualElement': classe base indefinida
  (compilando o arquivo fonte 'Player.cpp')
  
C:\projetos\archero_clone\Project1\VisualElement.h(14,43): error C4430: faltando especificador de tipo - int assumido. Observação: C++ não suporta default-int
  (compilando o arquivo fonte 'Player.cpp')
  
C:\projetos\archero_clone\Project1\VisualElement.h(14,43): error C2143: erro de sintaxe: ',' ausente antes de '&'
  (compilando o arquivo fonte 'Player.cpp')
  
C:\projetos\archero_clone\Project1\VisualElement.h(15,39): error C4430: faltando especificador de tipo - int assumido. Observação: C++ não suporta default-int
  (compilando o arquivo fonte 'Player.cpp')
  
C:\projetos\archero_clone\Project1\VisualElement.h(15,39): error C2143: erro de sintaxe: ',' ausente antes de '&'
  (compilando o arquivo fonte 'Player.cpp')
  
C:\projetos\archero_clone\Project1\Player.h(18,14): error C3668: 'Game::Player::onCollision': método com especificador de substituição 'override' não substituiu nenhum método de classe base
  (compilando o arquivo fonte 'Player.cpp')
  
  Game.cpp
C:\projetos\archero_clone\Project1\RendererPort.h(2,10): warning C4067: tokens inesperados após diretiva de pré-processador - esperado um newline
  (compilando o arquivo fonte 'Game.cpp')
  
C:\projetos\archero_clone\Project1\HitBox.h(6,27): error C2504: 'VisualElement': classe base indefinida
  (compilando o arquivo fonte 'Game.cpp')
  
C:\projetos\archero_clone\Project1\VisualElement.h(14,43): error C4430: faltando especificador de tipo - int assumido. Observação: C++ não suporta default-int
  (compilando o arquivo fonte 'Game.cpp')
  
C:\projetos\archero_clone\Project1\VisualElement.h(14,43): error C2143: erro de sintaxe: ',' ausente antes de '&'
  (compilando o arquivo fonte 'Game.cpp')
  
C:\projetos\archero_clone\Project1\VisualElement.h(15,39): error C4430: faltando especificador de tipo - int assumido. Observação: C++ não suporta default-int
  (compilando o arquivo fonte 'Game.cpp')
  
C:\projetos\archero_clone\Project1\VisualElement.h(15,39): error C2143: erro de sintaxe: ',' ausente antes de '&'
  (compilando o arquivo fonte 'Game.cpp')
  
C:\projetos\archero_clone\Project1\Enemy.h(14,14): error C3668: 'Game::Enemy::onCollision': método com especificador de substituição 'override' não substituiu nenhum método de classe base
  (compilando o arquivo fonte 'Game.cpp')
  
C:\projetos\archero_clone\Project1\Player.h(18,14): error C3668: 'Game::Player::onCollision': método com especificador de substituição 'override' não substituiu nenhum método de classe base
  (compilando o arquivo fonte 'Game.cpp')
  
C:\projetos\archero_clone\Project1\Game.cpp(71,35): error C2664: 'bool Game::VisualElement::verifyCollision(const int)': não é possível converter um argumento 1 de '_Ty' em 'const int'
C:\projetos\archero_clone\Project1\Game.cpp(71,35): error C2664:         with
C:\projetos\archero_clone\Project1\Game.cpp(71,35): error C2664:         [
C:\projetos\archero_clone\Project1\Game.cpp(71,35): error C2664:             _Ty=Game::Character
C:\projetos\archero_clone\Project1\Game.cpp(71,35): error C2664:         ]
  C:\projetos\archero_clone\Project1\Game.cpp(71,61):
  Nenhum operador de conversão definida pelo usuário disponível que possa realizar esta conversão, ou o operador não pode ser chamado
  C:\projetos\archero_clone\Project1\VisualElement.h(15,8):
  consulte a declaração de 'Game::VisualElement::verifyCollision'
  C:\projetos\archero_clone\Project1\Game.cpp(71,35):
  ao tentar corresponder a lista de argumentos '(_Ty)'
          with
          [
              _Ty=Game::Character
          ]
  
C:\projetos\archero_clone\Project1\Game.cpp(73,35): error C2664: 'void Game::VisualElement::onCollision(const int)': não é possível converter um argumento 1 de '_Ty' em 'const int'
C:\projetos\archero_clone\Project1\Game.cpp(73,35): error C2664:         with
C:\projetos\archero_clone\Project1\Game.cpp(73,35): error C2664:         [
C:\projetos\archero_clone\Project1\Game.cpp(73,35): error C2664:             _Ty=Game::Character
C:\projetos\archero_clone\Project1\Game.cpp(73,35): error C2664:         ]
  C:\projetos\archero_clone\Project1\Game.cpp(73,57):
  Nenhum operador de conversão definida pelo usuário disponível que possa realizar esta conversão, ou o operador não pode ser chamado
  C:\projetos\archero_clone\Project1\VisualElement.h(14,16):
  consulte a declaração de 'Game::VisualElement::onCollision'
  C:\projetos\archero_clone\Project1\Game.cpp(73,35):
  ao tentar corresponder a lista de argumentos '(_Ty)'
          with
          [
              _Ty=Game::Character
          ]
  
C:\projetos\archero_clone\Project1\Game.cpp(92,15): warning C4244: 'argumento': conversão de 'time_t' para 'unsigned int', possível perda de dados
  VisualElement.cpp
C:\projetos\archero_clone\Project1\RendererPort.h(2,10): warning C4067: tokens inesperados após diretiva de pré-processador - esperado um newline
  (compilando o arquivo fonte 'VisualElement.cpp')
  
C:\projetos\archero_clone\Project1\Character.h(8,30): error C2504: 'VisualElement': classe base indefinida
  (compilando o arquivo fonte 'VisualElement.cpp')
  
C:\projetos\archero_clone\Project1\HitBox.h(6,27): error C2504: 'VisualElement': classe base indefinida
  (compilando o arquivo fonte 'VisualElement.cpp')
  
  Gerando Código...
